<?xml version="1.0" encoding="UTF-8"?>
<testng-results ignored="0" total="1" passed="1" failed="0" skipped="0">
  <reporter-output>
  </reporter-output>
  <suite started-at="2022-09-11T04:02:31Z" name="Default suite" finished-at="2022-09-11T04:02:41Z" duration-ms="10184">
    <groups>
    </groups>
    <test started-at="2022-09-11T04:02:31Z" name="Default test" finished-at="2022-09-11T04:02:41Z" duration-ms="10184">
      <class name="datadriventesting.ActitimeLogin">
        <test-method is-config="true" signature="getData()[pri:0, instance:datadriventesting.ActitimeLogin@6fa51cd4]" started-at="2022-09-11T04:02:31Z" name="getData" finished-at="2022-09-11T04:02:31Z" duration-ms="783" status="PASS">
          <reporter-output>
          </reporter-output>
        </test-method> <!-- getData -->
        <test-method signature="actitimeLogin()[pri:0, instance:datadriventesting.ActitimeLogin@6fa51cd4]" started-at="2022-09-11T04:02:32Z" name="actitimeLogin" finished-at="2022-09-11T04:02:40Z" duration-ms="8939" status="PASS">
          <reporter-output>
          </reporter-output>
        </test-method> <!-- actitimeLogin -->
        <test-method is-config="true" signature="cleanUp()[pri:0, instance:datadriventesting.ActitimeLogin@6fa51cd4]" started-at="2022-09-11T04:02:40Z" name="cleanUp" finished-at="2022-09-11T04:02:41Z" duration-ms="439" status="PASS">
          <reporter-output>
          </reporter-output>
        </test-method> <!-- cleanUp -->
      </class> <!-- datadriventesting.ActitimeLogin -->
    </test> <!-- Default test -->
  </suite> <!-- Default suite -->
</testng-results>
