<?xml version="1.0" encoding="UTF-8"?>
<!-- Generated by org.testng.reporters.JUnitXMLReporter -->
<testsuite hostname="DESKTOP-LLLGMOJ" ignored="0" name="Test" tests="2" failures="0" timestamp="2021-10-26T21:17:08 IST" time="11.92" errors="0">
  <testcase name="test_navigate_to_homepage_click_on_getstarted" time="3.741" classname="testscripts.TestBrowserStackSetup"/>
  <testcase name="test_enter_userDetails" time="0.494" classname="testscripts.TestBrowserStackSetup"/>
</testsuite> <!-- Test -->
