<?xml version="1.0" encoding="UTF-8"?>
<!-- Generated by org.testng.reporters.JUnitXMLReporter -->
<testsuite ignored="2" hostname="DESKTOP-LLLGMOJ" failures="1" tests="19" name="Test" time="7.101" errors="0" timestamp="09 Sep 2022 03:20:07 GMT">
  <testcase classname="testngsamples.Actitime_InvocationCount" name="openBrowserAndAppURL" time="0.015"/>
  <testcase classname="testngsamples.Actitime_InvocationCount" name="openBrowserAndAppURL" time="0.002"/>
  <testcase classname="testngsamples.Actitime_InvocationCount" name="openBrowserAndAppURL" time="0.001"/>
  <testcase classname="testngsamples.Actitime_InvocationCount" name="openBrowserAndAppURL" time="0.002"/>
  <testcase classname="testngsamples.Actitime_InvocationCount" name="openBrowserAndAppURL" time="0.003"/>
  <testcase classname="testngsamples.FirstTestNgWebScript" name="testCase1" time="6.736"/>
  <testcase classname="testngsamples.Actitime_Enabled" name="createTask" time="0.001"/>
  <testcase classname="testngsamples.Actitime_Enabled" name="openBrowserAndAppURL" time="0.004"/>
  <testcase classname="testngsamples.Actitime_Timeout" name="openBrowserAndAppURL" time="0.197"/>
  <testcase classname="testngsamples.Actitime_ExceptionAndTimeout" name="dividedByZeroExample1" time="0.004"/>
  <testcase classname="testngsamples.Actitime_ExceptionAndTimeout" name="executetimeOut" time="0.007"/>
  <testcase classname="testngsamples.Actitime_DependsOn" name="createTask" time="0.002"/>
  <testcase classname="testngsamples.Actitime_DependsOn" name="openBrowserAndAppURL" time="0.002">
    <failure type="java.lang.ArithmeticException" message="/ by zero">
      <![CDATA[java.lang.ArithmeticException: / by zero
at testngsamples.Actitime_DependsOn.openBrowserAndAppURL(Actitime_DependsOn.java:7)
... Removed 25 stack frames]]>
    </failure>
  </testcase> <!-- openBrowserAndAppURL -->
  <testcase classname="testngsamples.Actitime_DependsOn" name="logoutClose" time="0.001"/>
  <testcase classname="testngsamples.Actitime_DependsOn" name="login" time="0.001">
    <skipped/>
  </testcase> <!-- login -->
  <testcase classname="testngsamples.Actitime_Priority" name="openBrowserAndAppURL" time="0.002"/>
  <testcase classname="testngsamples.Actitime_Priority" name="login" time="0.002"/>
  <testcase classname="testngsamples.Actitime_Priority" name="createTask" time="0.003"/>
  <testcase classname="testngsamples.Actitime_Priority" name="logoutClose" time="0.004"/>
  <testcase classname="testngsamples.Actitime_Enabled" name="logoutClose" time="0.0">
    <ignored/>
  </testcase> <!-- logoutClose -->
  <testcase classname="testngsamples.Actitime_Enabled" name="login" time="0.0">
    <ignored/>
  </testcase> <!-- login -->
</testsuite> <!-- Test -->
