<?xml version="1.0" encoding="UTF-8"?>
<testng-results ignored="0" total="2" passed="2" failed="0" skipped="0">
  <reporter-output>
  </reporter-output>
  <suite started-at="2022-09-25T08:50:21 IST" name="Default suite" finished-at="2022-09-25T08:50:53 IST" duration-ms="32268">
    <groups>
      <group name="cucumber">
        <method signature="AbstractTestNGCucumberTests.runScenario(io.cucumber.testng.PickleWrapper,io.cucumber.testng.FeatureWrapper)[pri:0, instance:runner.TestRunner@4fb61f4a]" name="runScenario" class="io.cucumber.testng.AbstractTestNGCucumberTests"/>
      </group> <!-- cucumber -->
    </groups>
    <test started-at="2022-09-25T08:50:21 IST" name="Default test" finished-at="2022-09-25T08:50:53 IST" duration-ms="32268">
      <class name="runner.TestRunner">
        <test-method is-config="true" signature="setUpClass()[pri:0, instance:runner.TestRunner@4fb61f4a]" started-at="2022-09-25T08:50:21 IST" name="setUpClass" finished-at="2022-09-25T08:50:22 IST" duration-ms="822" status="PASS">
          <reporter-output>
          </reporter-output>
        </test-method> <!-- setUpClass -->
        <test-method signature="runScenario(io.cucumber.testng.PickleWrapper,io.cucumber.testng.FeatureWrapper)[pri:0, instance:runner.TestRunner@4fb61f4a]" started-at="2022-09-25T08:50:22 IST" name="runScenario" description="Runs Cucumber Scenarios" data-provider="scenarios" finished-at="2022-09-25T08:50:38 IST" duration-ms="16357" status="PASS">
          <params>
            <param index="0">
              <value>
                <![CDATA["Create new lead with name as QA"]]>
              </value>
            </param>
            <param index="1">
              <value>
                <![CDATA["Optional[Create lead in Vtiger application]"]]>
              </value>
            </param>
          </params>
          <reporter-output>
          </reporter-output>
        </test-method> <!-- runScenario -->
        <test-method signature="runScenario(io.cucumber.testng.PickleWrapper,io.cucumber.testng.FeatureWrapper)[pri:0, instance:runner.TestRunner@4fb61f4a]" started-at="2022-09-25T08:50:38 IST" name="runScenario" description="Runs Cucumber Scenarios" data-provider="scenarios" finished-at="2022-09-25T08:50:51 IST" duration-ms="13437" status="PASS">
          <params>
            <param index="0">
              <value>
                <![CDATA["Delete all leads"]]>
              </value>
            </param>
            <param index="1">
              <value>
                <![CDATA["Optional[Create lead in Vtiger application]"]]>
              </value>
            </param>
          </params>
          <reporter-output>
          </reporter-output>
        </test-method> <!-- runScenario -->
        <test-method is-config="true" signature="tearDownClass()[pri:0, instance:runner.TestRunner@4fb61f4a]" started-at="2022-09-25T08:50:51 IST" name="tearDownClass" finished-at="2022-09-25T08:50:53 IST" duration-ms="1597" status="PASS">
          <reporter-output>
          </reporter-output>
        </test-method> <!-- tearDownClass -->
      </class> <!-- runner.TestRunner -->
    </test> <!-- Default test -->
  </suite> <!-- Default suite -->
</testng-results>
