<?xml version="1.0" encoding="UTF-8"?>
<!-- Generated by org.testng.reporters.JUnitXMLReporter -->
<testsuite ignored="2" hostname="DESKTOP-LLLGMOJ" failures="0" tests="3" name="testing" time="0.044" errors="0" timestamp="12 Sep 2022 03:04:00 GMT">
  <testcase classname="testngsamples.GroupExamples" name="testCaseFour" time="0.01"/>
  <testcase classname="testngsamples.GroupExamples" name="testCaseOne" time="0.002"/>
  <testcase classname="testngsamples.GroupExamples" name="testCaseTwo" time="0.002"/>
  <testcase classname="testngsamples.GroupExamples" name="testCaseThree" time="0.0">
    <ignored/>
  </testcase> <!-- testCaseThree -->
  <testcase classname="testngsamples.GroupExamples" name="testCaseFive" time="0.0">
    <ignored/>
  </testcase> <!-- testCaseFive -->
</testsuite> <!-- testing -->
