<?xml version="1.0" encoding="UTF-8"?>
<testng-results ignored="0" total="1" passed="1" failed="0" skipped="0">
  <reporter-output>
  </reporter-output>
  <suite started-at="2022-09-16T09:08:29 IST" name="Default suite" finished-at="2022-09-16T09:08:43 IST" duration-ms="13682">
    <groups>
    </groups>
    <test started-at="2022-09-16T09:08:29 IST" name="Default test" finished-at="2022-09-16T09:08:43 IST" duration-ms="13682">
      <class name="testscripts.TestLoginPage">
        <test-method signature="testVtigerLogin()[pri:0, instance:testscripts.TestLoginPage@654f0d9c]" started-at="2022-09-16T09:08:30 IST" name="testVtigerLogin" finished-at="2022-09-16T09:08:43 IST" duration-ms="13635" status="PASS">
          <reporter-output>
          </reporter-output>
        </test-method> <!-- testVtigerLogin -->
      </class> <!-- testscripts.TestLoginPage -->
    </test> <!-- Default test -->
  </suite> <!-- Default suite -->
</testng-results>
