<?xml version="1.0" encoding="UTF-8"?>
<!-- Generated by org.testng.reporters.JUnitXMLReporter -->
<testsuite ignored="2" hostname="DESKTOP-LLLGMOJ" failures="1" tests="2" name="Test(failed)" time="0.106" errors="0" timestamp="09 Sep 2022 03:21:47 GMT">
  <testcase classname="testngsamples.Actitime_DependsOn" name="openBrowserAndAppURL" time="0.019">
    <failure type="java.lang.ArithmeticException" message="/ by zero">
      <![CDATA[java.lang.ArithmeticException: / by zero
at testngsamples.Actitime_DependsOn.openBrowserAndAppURL(Actitime_DependsOn.java:7)
... Removed 25 stack frames]]>
    </failure>
  </testcase> <!-- openBrowserAndAppURL -->
  <testcase classname="testngsamples.Actitime_DependsOn" name="login" time="0.0">
    <skipped/>
  </testcase> <!-- login -->
  <testcase classname="testngsamples.Actitime_DependsOn" name="logoutClose" time="0.0">
    <ignored/>
  </testcase> <!-- logoutClose -->
  <testcase classname="testngsamples.Actitime_DependsOn" name="createTask" time="0.0">
    <ignored/>
  </testcase> <!-- createTask -->
</testsuite> <!-- Test(failed) -->
