<?xml version="1.0" encoding="UTF-8"?>
<!-- Generated by org.testng.reporters.JUnitXMLReporter -->
<testsuite ignored="2" hostname="DESKTOP-LLLGMOJ" failures="0" tests="1" name="Method Test Cases" time="0.043" errors="0" timestamp="12 Sep 2022 02:58:26 GMT">
  <testcase classname="testngsamples.IncludeAndExcludeTestMethods" name="addDepartmentTestCase" time="0.013"/>
  <testcase classname="testngsamples.IncludeAndExcludeTestMethods" name="addLocationTestCase" time="0.0">
    <ignored/>
  </testcase> <!-- addLocationTestCase -->
  <testcase classname="testngsamples.IncludeAndExcludeTestMethods" name="addEmployeeTestCase" time="0.0">
    <ignored/>
  </testcase> <!-- addEmployeeTestCase -->
</testsuite> <!-- Method Test Cases -->
